# JRE version: OpenJDK Runtime Environment Temurin-17.0.15+6 (17.0.15+6) (build 17.0.15+6)
# Java VM: OpenJDK 64-Bit Server VM Temurin-17.0.15+6 (17.0.15+6, mixed mode, sharing, tiered, compressed oops, compressed class ptrs, g1 gc, windows-amd64)
GC Precious Log:
 CPUs: 4 total, 4 available
 Memory: 16227M
 Large Page Support: Disabled
 NUMA Support: Disabled
 Compressed Oops: Enabled (Zero based)
 Heap Region Size: 2M
 Heap Min Capacity: 8M
 Heap Initial Capacity: 254M
 Heap Max Capacity: 4058M
 Pre-touch: Disabled
 Parallel Workers: 4
 Concurrent Workers: 1
 Concurrent Refinement Workers: 4
 Periodic GC: Disabled
Heap:
 garbage-first heap   total 65536K, used 34565K [0x0000000702600000, 0x0000000800000000)
  region size 2048K, 4 young (8192K), 1 survivors (2048K)
 Metaspace       used 27090K, committed 27392K, reserved 1114112K
  class space    used 3561K, committed 3712K, reserved 1048576K
GC Heap History (20 events):
Event: 245.349 GC heap before
{Heap before GC invocations=8 (full 0):
 garbage-first heap   total 61440K, used 39400K [0x0000000702600000, 0x0000000800000000)
  region size 2048K, 8 young (16384K), 2 survivors (4096K)
 Metaspace       used 26369K, committed 26624K, reserved 1114112K
  class space    used 3509K, committed 3648K, reserved 1048576K
}
Event: 245.356 GC heap after
{Heap after GC invocations=9 (full 0):
 garbage-first heap   total 61440K, used 29620K [0x0000000702600000, 0x0000000800000000)
  region size 2048K, 2 young (4096K), 2 survivors (4096K)
 Metaspace       used 26369K, committed 26624K, reserved 1114112K
  class space    used 3509K, committed 3648K, reserved 1048576K
}
Event: 248.303 GC heap before
{Heap before GC invocations=10 (full 0):
 garbage-first heap   total 65536K, used 41908K [0x0000000702600000, 0x0000000800000000)
  region size 2048K, 7 young (14336K), 2 survivors (4096K)
 Metaspace       used 26608K, committed 26880K, reserved 1114112K
  class space    used 3532K, committed 3648K, reserved 1048576K
}
Event: 248.311 GC heap after
{Heap after GC invocations=11 (full 0):
 garbage-first heap   total 65536K, used 31398K [0x0000000702600000, 0x0000000800000000)
  region size 2048K, 1 young (2048K), 1 survivors (2048K)
 Metaspace       used 26608K, committed 26880K, reserved 1114112K
  class space    used 3532K, committed 3648K, reserved 1048576K
}
Event: 248.381 GC heap before
{Heap before GC invocations=12 (full 0):
 garbage-first heap   total 65536K, used 31398K [0x0000000702600000, 0x0000000800000000)
  region size 2048K, 2 young (4096K), 1 survivors (2048K)
 Metaspace       used 26611K, committed 26880K, reserved 1114112K
  class space    used 3532K, committed 3648K, reserved 1048576K
}
Event: 248.385 GC heap after
{Heap after GC invocations=13 (full 0):
 garbage-first heap   total 65536K, used 31934K [0x0000000702600000, 0x0000000800000000)
  region size 2048K, 1 young (2048K), 1 survivors (2048K)
 Metaspace       used 26611K, committed 26880K, reserved 1114112K
  class space    used 3532K, committed 3648K, reserved 1048576K
}
Event: 253.878 GC heap before
{Heap before GC invocations=14 (full 0):
 garbage-first heap   total 65536K, used 52414K [0x0000000702600000, 0x0000000800000000)
  region size 2048K, 8 young (16384K), 1 survivors (2048K)
 Metaspace       used 26886K, committed 27200K, reserved 1114112K
  class space    used 3549K, committed 3648K, reserved 1048576K
}
Event: 253.883 GC heap after
{Heap after GC invocations=15 (full 0):
 garbage-first heap   total 65536K, used 29296K [0x0000000702600000, 0x0000000800000000)
  region size 2048K, 1 young (2048K), 1 survivors (2048K)
 Metaspace       used 26886K, committed 27200K, reserved 1114112K
  class space    used 3549K, committed 3648K, reserved 1048576K
}
Event: 255.366 GC heap before
{Heap before GC invocations=15 (full 0):
 garbage-first heap   total 65536K, used 39536K [0x0000000702600000, 0x0000000800000000)
  region size 2048K, 2 young (4096K), 1 survivors (2048K)
 Metaspace       used 26947K, committed 27200K, reserved 1114112K
  class space    used 3554K, committed 3648K, reserved 1048576K
}
Event: 255.371 GC heap after
{Heap after GC invocations=16 (full 0):
 garbage-first heap   total 65536K, used 31706K [0x0000000702600000, 0x0000000800000000)
  region size 2048K, 1 young (2048K), 1 survivors (2048K)
 Metaspace       used 26947K, committed 27200K, reserved 1114112K
  class space    used 3554K, committed 3648K, reserved 1048576K
}
Event: 257.165 GC heap before
{Heap before GC invocations=16 (full 0):
 garbage-first heap   total 65536K, used 37850K [0x0000000702600000, 0x0000000800000000)
  region size 2048K, 5 young (10240K), 1 survivors (2048K)
 Metaspace       used 26990K, committed 27264K, reserved 1114112K
  class space    used 3554K, committed 3648K, reserved 1048576K
}
Event: 257.169 GC heap after
{Heap after GC invocations=17 (full 0):
 garbage-first heap   total 65536K, used 29763K [0x0000000702600000, 0x0000000800000000)
  region size 2048K, 1 young (2048K), 1 survivors (2048K)
 Metaspace       used 26990K, committed 27264K, reserved 1114112K
  class space    used 3554K, committed 3648K, reserved 1048576K
}
Event: 257.217 GC heap before
{Heap before GC invocations=17 (full 0):
 garbage-first heap   total 65536K, used 33859K [0x0000000702600000, 0x0000000800000000)
  region size 2048K, 2 young (4096K), 1 survivors (2048K)
 Metaspace       used 26999K, committed 27264K, reserved 1114112K
  class space    used 3554K, committed 3648K, reserved 1048576K
}
Event: 257.224 GC heap after
{Heap after GC invocations=18 (full 0):
 garbage-first heap   total 65536K, used 34152K [0x0000000702600000, 0x0000000800000000)
  region size 2048K, 1 young (2048K), 1 survivors (2048K)
 Metaspace       used 26999K, committed 27264K, reserved 1114112K
  class space    used 3554K, committed 3648K, reserved 1048576K
}
Event: 546.581 GC heap before
{Heap before GC invocations=19 (full 0):
 garbage-first heap   total 65536K, used 54632K [0x0000000702600000, 0x0000000800000000)
  region size 2048K, 7 young (14336K), 1 survivors (2048K)
 Metaspace       used 27082K, committed 27392K, reserved 1114112K
  class space    used 3560K, committed 3712K, reserved 1048576K
}
Event: 546.583 GC heap after
{Heap after GC invocations=20 (full 0):
 garbage-first heap   total 65536K, used 34208K [0x0000000702600000, 0x0000000800000000)
  region size 2048K, 1 young (2048K), 1 survivors (2048K)
 Metaspace       used 27082K, committed 27392K, reserved 1114112K
  class space    used 3560K, committed 3712K, reserved 1048576K
}
Event: 624.180 GC heap before
{Heap before GC invocations=20 (full 0):
 garbage-first heap   total 65536K, used 36256K [0x0000000702600000, 0x0000000800000000)
  region size 2048K, 2 young (4096K), 1 survivors (2048K)
 Metaspace       used 27082K, committed 27392K, reserved 1114112K
  class space    used 3560K, committed 3712K, reserved 1048576K
}
Event: 624.185 GC heap after
{Heap after GC invocations=21 (full 0):
 garbage-first heap   total 65536K, used 30459K [0x0000000702600000, 0x0000000800000000)
  region size 2048K, 1 young (2048K), 1 survivors (2048K)
 Metaspace       used 27082K, committed 27392K, reserved 1114112K
  class space    used 3560K, committed 3712K, reserved 1048576K
}
Event: 1278.687 GC heap before
{Heap before GC invocations=21 (full 0):
 garbage-first heap   total 65536K, used 46843K [0x0000000702600000, 0x0000000800000000)
  region size 2048K, 9 young (18432K), 1 survivors (2048K)
 Metaspace       used 27088K, committed 27392K, reserved 1114112K
  class space    used 3561K, committed 3712K, reserved 1048576K
}
Event: 1278.689 GC heap after
{Heap after GC invocations=22 (full 0):
 garbage-first heap   total 65536K, used 30469K [0x0000000702600000, 0x0000000800000000)
  region size 2048K, 1 young (2048K), 1 survivors (2048K)
 Metaspace       used 27088K, committed 27392K, reserved 1114112K
  class space    used 3561K, committed 3712K, reserved 1048576K
}

